[    27.228] 
X.Org X Server 1.21.1.11
X Protocol Version 11, Revision 0
[    27.228] Current Operating System: Linux achilleus 6.7.2-arch1-1 #1 SMP PREEMPT_DYNAMIC Fri, 26 Jan 2024 19:10:20 +0000 x86_64
[    27.228] Kernel command line: initrd=\intel-ucode.img initrd=\initramfs-linux.img root=PARTUUID=04320ec0-5005-463a-bfec-47234fdf3ae0 zswap.enabled=0 rw rootfstype=ext4
[    27.229]  
[    27.229] Current version of pixman: 0.43.2
[    27.229] 	Before reporting problems, check http://wiki.x.org
	to make sure that you have the latest version.
[    27.229] Markers: (--) probed, (**) from config file, (==) default setting,
	(++) from command line, (!!) notice, (II) informational,
	(WW) warning, (EE) error, (NI) not implemented, (??) unknown.
[    27.229] (==) Log file: "/home/lantog/.local/share/xorg/Xorg.0.log", Time: Wed Jan 31 16:22:11 2024
[    27.230] (==) Using config directory: "/etc/X11/xorg.conf.d"
[    27.230] (==) Using system config directory "/usr/share/X11/xorg.conf.d"
[    27.231] (==) No Layout section.  Using the first Screen section.
[    27.231] (==) No screen section available. Using defaults.
[    27.231] (**) |-->Screen "Default Screen Section" (0)
[    27.231] (**) |   |-->Monitor "<default monitor>"
[    27.231] (==) No monitor specified for screen "Default Screen Section".
	Using a default monitor configuration.
[    27.231] (==) Automatically adding devices
[    27.231] (==) Automatically enabling devices
[    27.231] (==) Automatically adding GPU devices
[    27.231] (==) Automatically binding GPU devices
[    27.231] (==) Max clients allowed: 256, resource mask: 0x1fffff
[    27.231] (WW) The directory "/usr/share/fonts/misc" does not exist.
[    27.231] 	Entry deleted from font path.
[    27.231] (WW) `fonts.dir' not found (or not valid) in "/usr/share/fonts/TTF".
[    27.231] 	Entry deleted from font path.
[    27.231] 	(Run 'mkfontdir' on "/usr/share/fonts/TTF").
[    27.231] (WW) The directory "/usr/share/fonts/OTF" does not exist.
[    27.231] 	Entry deleted from font path.
[    27.231] (WW) The directory "/usr/share/fonts/Type1" does not exist.
[    27.231] 	Entry deleted from font path.
[    27.231] (WW) The directory "/usr/share/fonts/100dpi" does not exist.
[    27.231] 	Entry deleted from font path.
[    27.231] (WW) The directory "/usr/share/fonts/75dpi" does not exist.
[    27.231] 	Entry deleted from font path.
[    27.231] (==) FontPath set to:
	
[    27.231] (==) ModulePath set to "/usr/lib/xorg/modules"
[    27.231] (II) The server relies on udev to provide the list of input devices.
	If no devices become available, reconfigure udev or disable AutoAddDevices.
[    27.231] (II) Module ABI versions:
[    27.231] 	X.Org ANSI C Emulation: 0.4
[    27.231] 	X.Org Video Driver: 25.2
[    27.231] 	X.Org XInput driver : 24.4
[    27.231] 	X.Org Server Extension : 10.0
[    27.232] (++) using VT number 1

[    27.233] (II) systemd-logind: took control of session /org/freedesktop/login1/session/_31
[    27.234] (II) xfree86: Adding drm device (/dev/dri/card1)
[    27.234] (II) Platform probe for /sys/devices/pci0000:00/0000:00:02.0/drm/card1
[    27.235] (II) systemd-logind: got fd for /dev/dri/card1 226:1 fd 13 paused 0
[    27.239] (--) PCI:*(0@0:2:0) 8086:9a49:17aa:22c9 rev 1, Mem @ 0x603c000000/16777216, 0x4000000000/268435456, I/O @ 0x00003000/64, BIOS @ 0x????????/131072
[    27.239] (WW) Open ACPI failed (/var/run/acpid.socket) (No such file or directory)
[    27.239] (II) LoadModule: "glx"
[    27.239] (II) Loading /usr/lib/xorg/modules/extensions/libglx.so
[    27.244] (II) Module glx: vendor="X.Org Foundation"
[    27.244] 	compiled for 1.21.1.11, module version = 1.0.0
[    27.244] 	ABI class: X.Org Server Extension, version 10.0
[    27.244] (==) Matched intel as autoconfigured driver 0
[    27.244] (==) Matched modesetting as autoconfigured driver 1
[    27.244] (==) Matched fbdev as autoconfigured driver 2
[    27.244] (==) Matched vesa as autoconfigured driver 3
[    27.244] (==) Assigned the driver to the xf86ConfigLayout
[    27.244] (II) LoadModule: "intel"
[    27.245] (WW) Warning, couldn't open module intel
[    27.245] (EE) Failed to load module "intel" (module does not exist, 0)
[    27.245] (II) LoadModule: "modesetting"
[    27.245] (II) Loading /usr/lib/xorg/modules/drivers/modesetting_drv.so
[    27.247] (II) Module modesetting: vendor="X.Org Foundation"
[    27.247] 	compiled for 1.21.1.11, module version = 1.21.1
[    27.247] 	Module class: X.Org Video Driver
[    27.247] 	ABI class: X.Org Video Driver, version 25.2
[    27.247] (II) LoadModule: "fbdev"
[    27.247] (WW) Warning, couldn't open module fbdev
[    27.247] (EE) Failed to load module "fbdev" (module does not exist, 0)
[    27.247] (II) LoadModule: "vesa"
[    27.248] (WW) Warning, couldn't open module vesa
[    27.248] (EE) Failed to load module "vesa" (module does not exist, 0)
[    27.248] (II) modesetting: Driver for Modesetting Kernel Drivers: kms
[    27.248] (II) modeset(0): using drv /dev/dri/card1
[    27.248] (WW) VGA arbiter: cannot open kernel arbiter, no multi-card support
[    27.248] (II) modeset(0): Creating default Display subsection in Screen section
	"Default Screen Section" for depth/fbbpp 24/32
[    27.248] (==) modeset(0): Depth 24, (==) framebuffer bpp 32
[    27.248] (==) modeset(0): RGB weight 888
[    27.248] (==) modeset(0): Default visual is TrueColor
[    27.248] (II) Loading sub module "glamoregl"
[    27.248] (II) LoadModule: "glamoregl"
[    27.248] (II) Loading /usr/lib/xorg/modules/libglamoregl.so
[    27.255] (II) Module glamoregl: vendor="X.Org Foundation"
[    27.255] 	compiled for 1.21.1.11, module version = 1.0.1
[    27.255] 	ABI class: X.Org ANSI C Emulation, version 0.4
[    27.381] (II) modeset(0): glamor X acceleration enabled on Mesa Intel(R) Xe Graphics (TGL GT2)
[    27.381] (II) modeset(0): glamor initialized
[    27.381] (==) modeset(0): VariableRefresh: disabled
[    27.381] (==) modeset(0): AsyncFlipSecondaries: disabled
[    27.383] (II) modeset(0): Output eDP-1 has no monitor section
[    27.383] (II) modeset(0): Output HDMI-1 has no monitor section
[    27.383] (II) modeset(0): Output DP-1 has no monitor section
[    27.383] (II) modeset(0): Output DP-2 has no monitor section
[    27.383] (II) modeset(0): Output DP-3 has no monitor section
[    27.384] (II) modeset(0): Output DP-4 has no monitor section
[    27.387] (II) modeset(0): EDID for output eDP-1
[    27.387] (II) modeset(0): Manufacturer: CMN  Model: 140a  Serial#: 0
[    27.387] (II) modeset(0): Year: 2019  Week: 41
[    27.387] (II) modeset(0): EDID Version: 1.4
[    27.387] (II) modeset(0): Digital Display Input
[    27.387] (II) modeset(0): 8 bits per channel
[    27.387] (II) modeset(0): Digital interface is DisplayPort
[    27.387] (II) modeset(0): Max Image Size [cm]: horiz.: 31  vert.: 17
[    27.387] (II) modeset(0): Gamma: 2.20
[    27.387] (II) modeset(0): No DPMS capabilities specified
[    27.387] (II) modeset(0): Supported color encodings: RGB 4:4:4 
[    27.387] (II) modeset(0): First detailed timing is preferred mode
[    27.387] (II) modeset(0): Preferred mode is native pixel format and refresh rate
[    27.387] (II) modeset(0): Display is continuous-frequency
[    27.387] (II) modeset(0): redX: 0.590 redY: 0.350   greenX: 0.330 greenY: 0.555
[    27.387] (II) modeset(0): blueX: 0.153 blueY: 0.119   whiteX: 0.313 whiteY: 0.329
[    27.387] (II) modeset(0): Manufacturer's mask: 0
[    27.387] (II) modeset(0): Supported detailed timing:
[    27.387] (II) modeset(0): clock: 138.8 MHz   Image Size:  309 x 173 mm
[    27.387] (II) modeset(0): h_active: 1920  h_sync: 1968  h_sync_end 2000 h_blank_end 2080 h_border: 0
[    27.387] (II) modeset(0): v_active: 1080  v_sync: 1090  v_sync_end 1096 v_blanking: 1112 v_border: 0
[    27.387] (II) modeset(0):  N140HCA-EAE
[    27.387] (II) modeset(0):  CMN
[    27.387] (II) modeset(0):  N140HCA-EAE
[    27.387] (II) modeset(0): EDID (in hex):
[    27.387] (II) modeset(0): 	00ffffffffffff000dae0a1400000000
[    27.387] (II) modeset(0): 	291d0104a51f11780328659759548e27
[    27.387] (II) modeset(0): 	1e505400000001010101010101010101
[    27.387] (II) modeset(0): 	010101010101363680a0703820403020
[    27.387] (II) modeset(0): 	a60035ad10000018000000fe004e3134
[    27.387] (II) modeset(0): 	304843412d4541450a20000000fe0043
[    27.387] (II) modeset(0): 	4d4e0a202020202020202020000000fe
[    27.387] (II) modeset(0): 	004e3134304843412d4541450a200002
[    27.388] (II) modeset(0): Printing probed modes for output eDP-1
[    27.388] (II) modeset(0): Modeline "1920x1080"x60.0  138.78  1920 1968 2000 2080  1080 1090 1096 1112 -hsync -vsync (66.7 kHz eP)
[    27.388] (II) modeset(0): Modeline "1920x1080"x119.9  266.50  1920 1944 1960 2000  1080 1081 1084 1111 doublescan +hsync -vsync (133.2 kHz d)
[    27.388] (II) modeset(0): Modeline "1920x1080"x60.0  173.00  1920 2048 2248 2576  1080 1083 1088 1120 -hsync +vsync (67.2 kHz d)
[    27.388] (II) modeset(0): Modeline "1920x1080"x59.9  138.50  1920 1968 2000 2080  1080 1083 1088 1111 +hsync -vsync (66.6 kHz d)
[    27.388] (II) modeset(0): Modeline "1680x1050"x60.0  146.25  1680 1784 1960 2240  1050 1053 1059 1089 -hsync +vsync (65.3 kHz d)
[    27.388] (II) modeset(0): Modeline "1680x1050"x59.9  119.00  1680 1728 1760 1840  1050 1053 1059 1080 +hsync -vsync (64.7 kHz d)
[    27.388] (II) modeset(0): Modeline "1400x1050"x60.0  122.00  1400 1488 1640 1880  1050 1052 1064 1082 +hsync +vsync (64.9 kHz d)
[    27.388] (II) modeset(0): Modeline "1600x900"x120.0  246.00  1600 1728 1900 2200  900 901 904 932 doublescan -hsync +vsync (111.8 kHz d)
[    27.388] (II) modeset(0): Modeline "1600x900"x119.9  186.50  1600 1624 1640 1680  900 901 904 926 doublescan +hsync -vsync (111.0 kHz d)
[    27.388] (II) modeset(0): Modeline "1600x900"x59.9  118.25  1600 1696 1856 2112  900 903 908 934 -hsync +vsync (56.0 kHz d)
[    27.388] (II) modeset(0): Modeline "1600x900"x59.8   97.50  1600 1648 1680 1760  900 903 908 926 +hsync -vsync (55.4 kHz d)
[    27.388] (II) modeset(0): Modeline "1280x1024"x60.0  108.00  1280 1328 1440 1688  1024 1025 1028 1066 +hsync +vsync (64.0 kHz d)
[    27.388] (II) modeset(0): Modeline "1400x900"x60.0  103.50  1400 1480 1624 1848  900 903 913 934 -hsync +vsync (56.0 kHz d)
[    27.388] (II) modeset(0): Modeline "1400x900"x59.9   86.50  1400 1448 1480 1560  900 903 913 926 +hsync -vsync (55.4 kHz d)
[    27.388] (II) modeset(0): Modeline "1280x960"x60.0  108.00  1280 1376 1488 1800  960 961 964 1000 +hsync +vsync (60.0 kHz d)
[    27.388] (II) modeset(0): Modeline "1440x810"x120.0  198.12  1440 1548 1704 1968  810 811 814 839 doublescan -hsync +vsync (100.7 kHz d)
[    27.388] (II) modeset(0): Modeline "1440x810"x119.9  151.88  1440 1464 1480 1520  810 811 814 833 doublescan +hsync -vsync (99.9 kHz d)
[    27.388] (II) modeset(0): Modeline "1368x768"x59.9   85.25  1368 1440 1576 1784  768 771 781 798 -hsync +vsync (47.8 kHz d)
[    27.388] (II) modeset(0): Modeline "1368x768"x59.9   72.25  1368 1416 1448 1528  768 771 781 790 +hsync -vsync (47.3 kHz d)
[    27.388] (II) modeset(0): Modeline "1280x800"x120.0  174.25  1280 1380 1516 1752  800 801 804 829 doublescan -hsync +vsync (99.5 kHz d)
[    27.388] (II) modeset(0): Modeline "1280x800"x119.9  134.25  1280 1304 1320 1360  800 801 804 823 doublescan +hsync -vsync (98.7 kHz d)
[    27.388] (II) modeset(0): Modeline "1280x800"x59.8   83.50  1280 1352 1480 1680  800 803 809 831 -hsync +vsync (49.7 kHz d)
[    27.388] (II) modeset(0): Modeline "1280x800"x59.9   71.00  1280 1328 1360 1440  800 803 809 823 +hsync -vsync (49.3 kHz d)
[    27.388] (II) modeset(0): Modeline "1280x720"x120.0  156.12  1280 1376 1512 1744  720 721 724 746 doublescan -hsync +vsync (89.5 kHz d)
[    27.388] (II) modeset(0): Modeline "1280x720"x120.0  120.75  1280 1304 1320 1360  720 721 724 740 doublescan +hsync -vsync (88.8 kHz d)
[    27.388] (II) modeset(0): Modeline "1280x720"x59.9   74.50  1280 1344 1472 1664  720 723 728 748 -hsync +vsync (44.8 kHz d)
[    27.388] (II) modeset(0): Modeline "1280x720"x59.7   63.75  1280 1328 1360 1440  720 723 728 741 +hsync -vsync (44.3 kHz d)
[    27.388] (II) modeset(0): Modeline "1024x768"x120.1  133.47  1024 1100 1212 1400  768 768 770 794 doublescan -hsync +vsync (95.3 kHz d)
[    27.388] (II) modeset(0): Modeline "1024x768"x60.0   65.00  1024 1048 1184 1344  768 771 777 806 -hsync -vsync (48.4 kHz d)
[    27.388] (II) modeset(0): Modeline "960x720"x120.0  117.00  960 1024 1128 1300  720 720 722 750 doublescan -hsync +vsync (90.0 kHz d)
[    27.388] (II) modeset(0): Modeline "928x696"x120.1  109.15  928 976 1088 1264  696 696 698 719 doublescan -hsync +vsync (86.4 kHz d)
[    27.388] (II) modeset(0): Modeline "896x672"x120.0  102.40  896 960 1060 1224  672 672 674 697 doublescan -hsync +vsync (83.7 kHz d)
[    27.388] (II) modeset(0): Modeline "1024x576"x119.9   98.50  1024 1092 1200 1376  576 577 580 597 doublescan -hsync +vsync (71.6 kHz d)
[    27.388] (II) modeset(0): Modeline "1024x576"x119.9   78.38  1024 1048 1064 1104  576 577 580 592 doublescan +hsync -vsync (71.0 kHz d)
[    27.388] (II) modeset(0): Modeline "1024x576"x59.9   46.50  1024 1064 1160 1296  576 579 584 599 -hsync +vsync (35.9 kHz d)
[    27.388] (II) modeset(0): Modeline "1024x576"x59.8   42.00  1024 1072 1104 1184  576 579 584 593 +hsync -vsync (35.5 kHz d)
[    27.388] (II) modeset(0): Modeline "960x600"x119.9   96.62  960 1028 1128 1296  600 601 604 622 doublescan -hsync +vsync (74.6 kHz d)
[    27.388] (II) modeset(0): Modeline "960x600"x120.0   77.00  960 984 1000 1040  600 601 604 617 doublescan +hsync -vsync (74.0 kHz d)
[    27.388] (II) modeset(0): Modeline "960x540"x119.9   86.50  960 1024 1124 1288  540 541 544 560 doublescan -hsync +vsync (67.2 kHz d)
[    27.388] (II) modeset(0): Modeline "960x540"x120.0   69.25  960 984 1000 1040  540 541 544 555 doublescan +hsync -vsync (66.6 kHz d)
[    27.388] (II) modeset(0): Modeline "960x540"x59.6   40.75  960 992 1088 1216  540 543 548 562 -hsync +vsync (33.5 kHz d)
[    27.388] (II) modeset(0): Modeline "960x540"x59.8   37.25  960 1008 1040 1120  540 543 548 556 +hsync -vsync (33.3 kHz d)
[    27.388] (II) modeset(0): Modeline "800x600"x120.0   81.00  800 832 928 1080  600 600 602 625 doublescan +hsync +vsync (75.0 kHz d)
[    27.388] (II) modeset(0): Modeline "800x600"x60.3   40.00  800 840 968 1056  600 601 605 628 +hsync +vsync (37.9 kHz d)
[    27.388] (II) modeset(0): Modeline "800x600"x56.2   36.00  800 824 896 1024  600 601 603 625 +hsync +vsync (35.2 kHz d)
[    27.388] (II) modeset(0): Modeline "840x525"x120.0   73.12  840 892 980 1120  525 526 529 544 doublescan -hsync +vsync (65.3 kHz d)
[    27.388] (II) modeset(0): Modeline "840x525"x119.8   59.50  840 864 880 920  525 526 529 540 doublescan +hsync -vsync (64.7 kHz d)
[    27.388] (II) modeset(0): Modeline "864x486"x59.9   32.50  864 888 968 1072  486 489 494 506 -hsync +vsync (30.3 kHz d)
[    27.388] (II) modeset(0): Modeline "864x486"x59.6   30.50  864 912 944 1024  486 489 494 500 +hsync -vsync (29.8 kHz d)
[    27.388] (II) modeset(0): Modeline "700x525"x120.0   61.00  700 744 820 940  525 526 532 541 doublescan +hsync +vsync (64.9 kHz d)
[    27.388] (II) modeset(0): Modeline "800x450"x119.9   59.12  800 848 928 1056  450 451 454 467 doublescan -hsync +vsync (56.0 kHz d)
[    27.388] (II) modeset(0): Modeline "800x450"x119.6   48.75  800 824 840 880  450 451 454 463 doublescan +hsync -vsync (55.4 kHz d)
[    27.388] (II) modeset(0): Modeline "640x512"x120.0   54.00  640 664 720 844  512 512 514 533 doublescan +hsync +vsync (64.0 kHz d)
[    27.388] (II) modeset(0): Modeline "700x450"x119.9   51.75  700 740 812 924  450 451 456 467 doublescan -hsync +vsync (56.0 kHz d)
[    27.388] (II) modeset(0): Modeline "700x450"x119.8   43.25  700 724 740 780  450 451 456 463 doublescan +hsync -vsync (55.4 kHz d)
[    27.388] (II) modeset(0): Modeline "640x480"x120.0   54.00  640 688 744 900  480 480 482 500 doublescan +hsync +vsync (60.0 kHz d)
[    27.388] (II) modeset(0): Modeline "640x480"x59.9   25.18  640 656 752 800  480 490 492 525 -hsync -vsync (31.5 kHz d)
[    27.388] (II) modeset(0): Modeline "720x405"x59.5   22.50  720 744 808 896  405 408 413 422 -hsync +vsync (25.1 kHz d)
[    27.388] (II) modeset(0): Modeline "720x405"x59.0   21.75  720 768 800 880  405 408 413 419 +hsync -vsync (24.7 kHz d)
[    27.388] (II) modeset(0): Modeline "684x384"x119.8   42.62  684 720 788 892  384 385 390 399 doublescan -hsync +vsync (47.8 kHz d)
[    27.388] (II) modeset(0): Modeline "684x384"x119.7   36.12  684 708 724 764  384 385 390 395 doublescan +hsync -vsync (47.3 kHz d)
[    27.388] (II) modeset(0): Modeline "640x400"x119.8   41.75  640 676 740 840  400 401 404 415 doublescan -hsync +vsync (49.7 kHz d)
[    27.388] (II) modeset(0): Modeline "640x400"x120.0   35.50  640 664 680 720  400 401 404 411 doublescan +hsync -vsync (49.3 kHz d)
[    27.388] (II) modeset(0): Modeline "640x360"x119.7   37.25  640 672 736 832  360 361 364 374 doublescan -hsync +vsync (44.8 kHz d)
[    27.388] (II) modeset(0): Modeline "640x360"x119.7   31.88  640 664 680 720  360 361 364 370 doublescan +hsync -vsync (44.3 kHz d)
[    27.388] (II) modeset(0): Modeline "640x360"x59.8   18.00  640 664 720 800  360 363 368 376 -hsync +vsync (22.5 kHz d)
[    27.388] (II) modeset(0): Modeline "640x360"x59.3   17.75  640 688 720 800  360 363 368 374 +hsync -vsync (22.2 kHz d)
[    27.388] (II) modeset(0): Modeline "512x384"x120.0   32.50  512 524 592 672  384 385 388 403 doublescan -hsync -vsync (48.4 kHz d)
[    27.388] (II) modeset(0): Modeline "512x288"x120.0   23.25  512 532 580 648  288 289 292 299 doublescan -hsync +vsync (35.9 kHz d)
[    27.388] (II) modeset(0): Modeline "512x288"x119.8   21.00  512 536 552 592  288 289 292 296 doublescan +hsync -vsync (35.5 kHz d)
[    27.388] (II) modeset(0): Modeline "480x270"x119.3   20.38  480 496 544 608  270 271 274 281 doublescan -hsync +vsync (33.5 kHz d)
[    27.388] (II) modeset(0): Modeline "480x270"x119.6   18.62  480 504 520 560  270 271 274 278 doublescan +hsync -vsync (33.3 kHz d)
[    27.388] (II) modeset(0): Modeline "400x300"x120.6   20.00  400 420 484 528  300 300 302 314 doublescan +hsync +vsync (37.9 kHz d)
[    27.388] (II) modeset(0): Modeline "400x300"x112.7   18.00  400 412 448 512  300 300 301 312 doublescan +hsync +vsync (35.2 kHz d)
[    27.388] (II) modeset(0): Modeline "432x243"x119.8   16.25  432 444 484 536  243 244 247 253 doublescan -hsync +vsync (30.3 kHz d)
[    27.388] (II) modeset(0): Modeline "432x243"x119.1   15.25  432 456 472 512  243 244 247 250 doublescan +hsync -vsync (29.8 kHz d)
[    27.388] (II) modeset(0): Modeline "320x240"x120.1   12.59  320 328 376 400  240 245 246 262 doublescan -hsync -vsync (31.5 kHz d)
[    27.388] (II) modeset(0): Modeline "360x202"x119.0   11.25  360 372 404 448  202 204 206 211 doublescan -hsync +vsync (25.1 kHz d)
[    27.388] (II) modeset(0): Modeline "360x202"x118.3   10.88  360 384 400 440  202 204 206 209 doublescan +hsync -vsync (24.7 kHz d)
[    27.388] (II) modeset(0): Modeline "320x180"x119.7    9.00  320 332 360 400  180 181 184 188 doublescan -hsync +vsync (22.5 kHz d)
[    27.388] (II) modeset(0): Modeline "320x180"x118.6    8.88  320 344 360 400  180 181 184 187 doublescan +hsync -vsync (22.2 kHz d)
[    27.388] (II) modeset(0): EDID for output HDMI-1
[    27.388] (II) modeset(0): EDID for output DP-1
[    27.389] (II) modeset(0): EDID for output DP-2
[    27.389] (II) modeset(0): EDID for output DP-3
[    27.389] (II) modeset(0): EDID for output DP-4
[    27.389] (II) modeset(0): Output eDP-1 connected
[    27.389] (II) modeset(0): Output HDMI-1 disconnected
[    27.389] (II) modeset(0): Output DP-1 disconnected
[    27.389] (II) modeset(0): Output DP-2 disconnected
[    27.389] (II) modeset(0): Output DP-3 disconnected
[    27.389] (II) modeset(0): Output DP-4 disconnected
[    27.389] (II) modeset(0): Using exact sizes for initial modes
[    27.389] (II) modeset(0): Output eDP-1 using initial mode 1920x1080 +0+0
[    27.389] (==) modeset(0): Using gamma correction (1.0, 1.0, 1.0)
[    27.389] (==) modeset(0): DPI set to (96, 96)
[    27.389] (II) Loading sub module "fb"
[    27.389] (II) LoadModule: "fb"
[    27.389] (II) Module "fb" already built-in
[    27.414] (==) modeset(0): Backing store enabled
[    27.414] (==) modeset(0): Silken mouse enabled
[    27.494] (II) modeset(0): Initializing kms color map for depth 24, 8 bpc.
[    27.495] (==) modeset(0): DPMS enabled
[    27.495] (II) modeset(0): [DRI2] Setup complete
[    27.495] (II) modeset(0): [DRI2]   DRI driver: iris
[    27.495] (II) modeset(0): [DRI2]   VDPAU driver: va_gl
[    27.495] (II) Initializing extension Generic Event Extension
[    27.495] (II) Initializing extension SHAPE
[    27.495] (II) Initializing extension MIT-SHM
[    27.495] (II) Initializing extension XInputExtension
[    27.495] (II) Initializing extension XTEST
[    27.496] (II) Initializing extension BIG-REQUESTS
[    27.496] (II) Initializing extension SYNC
[    27.496] (II) Initializing extension XKEYBOARD
[    27.496] (II) Initializing extension XC-MISC
[    27.496] (II) Initializing extension SECURITY
[    27.497] (II) Initializing extension XFIXES
[    27.497] (II) Initializing extension RENDER
[    27.497] (II) Initializing extension RANDR
[    27.497] (II) Initializing extension COMPOSITE
[    27.498] (II) Initializing extension DAMAGE
[    27.498] (II) Initializing extension MIT-SCREEN-SAVER
[    27.498] (II) Initializing extension DOUBLE-BUFFER
[    27.498] (II) Initializing extension RECORD
[    27.498] (II) Initializing extension DPMS
[    27.499] (II) Initializing extension Present
[    27.499] (II) Initializing extension DRI3
[    27.499] (II) Initializing extension X-Resource
[    27.499] (II) Initializing extension XVideo
[    27.499] (II) Initializing extension XVideo-MotionCompensation
[    27.499] (II) Initializing extension GLX
[    27.510] (II) AIGLX: Loaded and initialized iris
[    27.510] (II) GLX: Initialized DRI2 GL provider for screen 0
[    27.510] (II) Initializing extension XFree86-VidModeExtension
[    27.510] (II) Initializing extension XFree86-DGA
[    27.510] (II) Initializing extension XFree86-DRI
[    27.510] (II) Initializing extension DRI2
[    27.511] (II) modeset(0): Damage tracking initialized
[    27.511] (II) modeset(0): Setting screen physical size to 508 x 285
[    27.591] (II) config/udev: Adding input device Power Button (/dev/input/event2)
[    27.591] (**) Power Button: Applying InputClass "libinput keyboard catchall"
[    27.591] (**) Power Button: Applying InputClass "system-keyboard"
[    27.591] (II) LoadModule: "libinput"
[    27.591] (II) Loading /usr/lib/xorg/modules/input/libinput_drv.so
[    27.595] (II) Module libinput: vendor="X.Org Foundation"
[    27.595] 	compiled for 1.21.1.8, module version = 1.4.0
[    27.595] 	Module class: X.Org XInput Driver
[    27.595] 	ABI class: X.Org XInput driver, version 24.4
[    27.595] (II) Using input driver 'libinput' for 'Power Button'
[    27.596] (II) systemd-logind: got fd for /dev/input/event2 13:66 fd 27 paused 0
[    27.596] (**) Power Button: always reports core events
[    27.596] (**) Option "Device" "/dev/input/event2"
[    27.601] (II) event2  - Power Button: is tagged by udev as: Keyboard
[    27.601] (II) event2  - Power Button: device is a keyboard
[    27.601] (II) event2  - Power Button: device removed
[    27.601] (**) Option "config_info" "udev:/sys/devices/LNXSYSTM:00/LNXPWRBN:00/input/input2/event2"
[    27.601] (II) XINPUT: Adding extended input device "Power Button" (type: KEYBOARD, id 6)
[    27.601] (**) Option "xkb_model" ",polytonic"
[    27.601] (**) Option "xkb_layout" "latam,gr"
[    27.601] (**) Option "xkb_variant" "grp:alt_shift_toggle"
[    27.633] (II) event2  - Power Button: is tagged by udev as: Keyboard
[    27.633] (II) event2  - Power Button: device is a keyboard
[    27.634] (II) config/udev: Adding input device Video Bus (/dev/input/event8)
[    27.634] (**) Video Bus: Applying InputClass "libinput keyboard catchall"
[    27.634] (**) Video Bus: Applying InputClass "system-keyboard"
[    27.634] (II) Using input driver 'libinput' for 'Video Bus'
[    27.635] (II) systemd-logind: got fd for /dev/input/event8 13:72 fd 30 paused 0
[    27.635] (**) Video Bus: always reports core events
[    27.635] (**) Option "Device" "/dev/input/event8"
[    27.636] (II) event8  - Video Bus: is tagged by udev as: Keyboard
[    27.636] (II) event8  - Video Bus: device is a keyboard
[    27.636] (II) event8  - Video Bus: device removed
[    27.637] (**) Option "config_info" "udev:/sys/devices/LNXSYSTM:00/LNXSYBUS:00/PNP0A08:00/LNXVIDEO:00/input/input11/event8"
[    27.637] (II) XINPUT: Adding extended input device "Video Bus" (type: KEYBOARD, id 7)
[    27.637] (**) Option "xkb_model" ",polytonic"
[    27.637] (**) Option "xkb_layout" "latam,gr"
[    27.637] (**) Option "xkb_variant" "grp:alt_shift_toggle"
[    27.638] (II) event8  - Video Bus: is tagged by udev as: Keyboard
[    27.638] (II) event8  - Video Bus: device is a keyboard
[    27.639] (II) config/udev: Adding input device Lid Switch (/dev/input/event1)
[    27.639] (II) No input driver specified, ignoring this device.
[    27.639] (II) This device may have been added with another device file.
[    27.639] (II) config/udev: Adding input device Sleep Button (/dev/input/event0)
[    27.640] (**) Sleep Button: Applying InputClass "libinput keyboard catchall"
[    27.640] (**) Sleep Button: Applying InputClass "system-keyboard"
[    27.640] (II) Using input driver 'libinput' for 'Sleep Button'
[    27.641] (II) systemd-logind: got fd for /dev/input/event0 13:64 fd 31 paused 0
[    27.641] (**) Sleep Button: always reports core events
[    27.641] (**) Option "Device" "/dev/input/event0"
[    27.642] (II) event0  - Sleep Button: is tagged by udev as: Keyboard
[    27.642] (II) event0  - Sleep Button: device is a keyboard
[    27.642] (II) event0  - Sleep Button: device removed
[    27.642] (**) Option "config_info" "udev:/sys/devices/LNXSYSTM:00/LNXSYBUS:00/PNP0C0E:00/input/input0/event0"
[    27.642] (II) XINPUT: Adding extended input device "Sleep Button" (type: KEYBOARD, id 8)
[    27.642] (**) Option "xkb_model" ",polytonic"
[    27.642] (**) Option "xkb_layout" "latam,gr"
[    27.642] (**) Option "xkb_variant" "grp:alt_shift_toggle"
[    27.644] (II) event0  - Sleep Button: is tagged by udev as: Keyboard
[    27.644] (II) event0  - Sleep Button: device is a keyboard
[    27.646] (II) config/udev: Adding input device   USB Gaming Mouse (/dev/input/event5)
[    27.646] (**)   USB Gaming Mouse: Applying InputClass "libinput pointer catchall"
[    27.646] (II) Using input driver 'libinput' for '  USB Gaming Mouse'
[    27.704] (II) systemd-logind: got fd for /dev/input/event5 13:69 fd 32 paused 0
[    27.704] (**)   USB Gaming Mouse: always reports core events
[    27.704] (**) Option "Device" "/dev/input/event5"
[    27.706] (II) event5  -   USB Gaming Mouse: is tagged by udev as: Mouse
[    27.706] (II) event5  -   USB Gaming Mouse: device is a pointer
[    27.706] (II) event5  -   USB Gaming Mouse: device removed
[    27.706] (II) libinput:   USB Gaming Mouse: Step value 0 was provided, libinput Fallback acceleration function is used.
[    27.706] (II) libinput:   USB Gaming Mouse: Step value 0 was provided, libinput Fallback acceleration function is used.
[    27.706] (II) libinput:   USB Gaming Mouse: Step value 0 was provided, libinput Fallback acceleration function is used.
[    27.706] (**) Option "config_info" "udev:/sys/devices/pci0000:00/0000:00:14.0/usb3/3-7/3-7:1.0/0003:1BCF:08B8.0001/input/input7/event5"
[    27.706] (II) XINPUT: Adding extended input device "  USB Gaming Mouse" (type: MOUSE, id 9)
[    27.707] (**) Option "AccelerationScheme" "none"
[    27.707] (**)   USB Gaming Mouse: (accel) selected scheme none/0
[    27.707] (**)   USB Gaming Mouse: (accel) acceleration factor: 2.000
[    27.707] (**)   USB Gaming Mouse: (accel) acceleration threshold: 4
[    27.709] (II) event5  -   USB Gaming Mouse: is tagged by udev as: Mouse
[    27.709] (II) event5  -   USB Gaming Mouse: device is a pointer
[    27.710] (II) config/udev: Adding input device   USB Gaming Mouse (/dev/input/mouse0)
[    27.710] (II) No input driver specified, ignoring this device.
[    27.710] (II) This device may have been added with another device file.
[    27.711] (II) config/udev: Adding input device   USB Gaming Mouse Keyboard (/dev/input/event6)
[    27.711] (**)   USB Gaming Mouse Keyboard: Applying InputClass "libinput keyboard catchall"
[    27.711] (**)   USB Gaming Mouse Keyboard: Applying InputClass "system-keyboard"
[    27.711] (II) Using input driver 'libinput' for '  USB Gaming Mouse Keyboard'
[    27.713] (II) systemd-logind: got fd for /dev/input/event6 13:70 fd 33 paused 0
[    27.713] (**)   USB Gaming Mouse Keyboard: always reports core events
[    27.713] (**) Option "Device" "/dev/input/event6"
[    27.715] (II) event6  -   USB Gaming Mouse Keyboard: is tagged by udev as: Keyboard
[    27.715] (II) event6  -   USB Gaming Mouse Keyboard: device is a keyboard
[    27.715] (II) event6  -   USB Gaming Mouse Keyboard: device removed
[    27.715] (II) libinput:   USB Gaming Mouse Keyboard: needs a virtual subdevice
[    27.715] (**) Option "config_info" "udev:/sys/devices/pci0000:00/0000:00:14.0/usb3/3-7/3-7:1.1/0003:1BCF:08B8.0002/input/input8/event6"
[    27.715] (II) XINPUT: Adding extended input device "  USB Gaming Mouse Keyboard" (type: MOUSE, id 10)
[    27.715] (**) Option "AccelerationScheme" "none"
[    27.715] (**)   USB Gaming Mouse Keyboard: (accel) selected scheme none/0
[    27.715] (**)   USB Gaming Mouse Keyboard: (accel) acceleration factor: 2.000
[    27.715] (**)   USB Gaming Mouse Keyboard: (accel) acceleration threshold: 4
[    27.717] (II) event6  -   USB Gaming Mouse Keyboard: is tagged by udev as: Keyboard
[    27.718] (II) event6  -   USB Gaming Mouse Keyboard: device is a keyboard
[    27.719] (II) config/udev: Adding input device sof-hda-dsp Mic (/dev/input/event9)
[    27.719] (II) No input driver specified, ignoring this device.
[    27.719] (II) This device may have been added with another device file.
[    27.719] (II) config/udev: Adding input device sof-hda-dsp Headphone (/dev/input/event10)
[    27.719] (II) No input driver specified, ignoring this device.
[    27.719] (II) This device may have been added with another device file.
[    27.720] (II) config/udev: Adding input device sof-hda-dsp HDMI/DP,pcm=3 (/dev/input/event11)
[    27.720] (II) No input driver specified, ignoring this device.
[    27.720] (II) This device may have been added with another device file.
[    27.720] (II) config/udev: Adding input device sof-hda-dsp HDMI/DP,pcm=4 (/dev/input/event12)
[    27.720] (II) No input driver specified, ignoring this device.
[    27.720] (II) This device may have been added with another device file.
[    27.721] (II) config/udev: Adding input device sof-hda-dsp HDMI/DP,pcm=5 (/dev/input/event13)
[    27.721] (II) No input driver specified, ignoring this device.
[    27.721] (II) This device may have been added with another device file.
[    27.721] (II) config/udev: Adding input device Intel HID events (/dev/input/event4)
[    27.721] (**) Intel HID events: Applying InputClass "libinput keyboard catchall"
[    27.721] (**) Intel HID events: Applying InputClass "system-keyboard"
[    27.721] (II) Using input driver 'libinput' for 'Intel HID events'
[    27.722] (II) systemd-logind: got fd for /dev/input/event4 13:68 fd 34 paused 0
[    27.722] (**) Intel HID events: always reports core events
[    27.722] (**) Option "Device" "/dev/input/event4"
[    27.723] (II) event4  - Intel HID events: is tagged by udev as: Keyboard
[    27.723] (II) event4  - Intel HID events: device is a keyboard
[    27.724] (II) event4  - Intel HID events: device removed
[    27.724] (**) Option "config_info" "udev:/sys/devices/platform/INTC1051:00/input/input5/event4"
[    27.724] (II) XINPUT: Adding extended input device "Intel HID events" (type: KEYBOARD, id 11)
[    27.724] (**) Option "xkb_model" ",polytonic"
[    27.724] (**) Option "xkb_layout" "latam,gr"
[    27.724] (**) Option "xkb_variant" "grp:alt_shift_toggle"
[    27.725] (II) event4  - Intel HID events: is tagged by udev as: Keyboard
[    27.725] (II) event4  - Intel HID events: device is a keyboard
[    27.726] (II) config/udev: Adding input device AT Translated Set 2 keyboard (/dev/input/event3)
[    27.726] (**) AT Translated Set 2 keyboard: Applying InputClass "libinput keyboard catchall"
[    27.726] (**) AT Translated Set 2 keyboard: Applying InputClass "system-keyboard"
[    27.726] (II) Using input driver 'libinput' for 'AT Translated Set 2 keyboard'
[    27.727] (II) systemd-logind: got fd for /dev/input/event3 13:67 fd 35 paused 0
[    27.727] (**) AT Translated Set 2 keyboard: always reports core events
[    27.727] (**) Option "Device" "/dev/input/event3"
[    27.728] (II) event3  - AT Translated Set 2 keyboard: is tagged by udev as: Keyboard
[    27.729] (II) event3  - AT Translated Set 2 keyboard: device is a keyboard
[    27.730] (II) event3  - AT Translated Set 2 keyboard: device removed
[    27.730] (**) Option "config_info" "udev:/sys/devices/platform/i8042/serio0/input/input3/event3"
[    27.730] (II) XINPUT: Adding extended input device "AT Translated Set 2 keyboard" (type: KEYBOARD, id 12)
[    27.730] (**) Option "xkb_model" ",polytonic"
[    27.730] (**) Option "xkb_layout" "latam,gr"
[    27.730] (**) Option "xkb_variant" "grp:alt_shift_toggle"
[    27.731] (II) event3  - AT Translated Set 2 keyboard: is tagged by udev as: Keyboard
[    27.731] (II) event3  - AT Translated Set 2 keyboard: device is a keyboard
[    27.733] (II) config/udev: Adding input device SynPS/2 Synaptics TouchPad (/dev/input/event14)
[    27.733] (**) SynPS/2 Synaptics TouchPad: Applying InputClass "libinput touchpad catchall"
[    27.733] (**) SynPS/2 Synaptics TouchPad: Applying InputClass "libinput touchpad catchall"
[    27.733] (II) Using input driver 'libinput' for 'SynPS/2 Synaptics TouchPad'
[    27.734] (II) systemd-logind: got fd for /dev/input/event14 13:78 fd 36 paused 0
[    27.734] (**) SynPS/2 Synaptics TouchPad: always reports core events
[    27.734] (**) Option "Device" "/dev/input/event14"
[    27.736] (II) event14 - SynPS/2 Synaptics TouchPad: is tagged by udev as: Touchpad
[    27.737] (II) event14 - SynPS/2 Synaptics TouchPad: no resolution or size hints, assuming a size of 69x50mm
[    27.739] (II) event14 - SynPS/2 Synaptics TouchPad: device is a touchpad
[    27.740] (II) event14 - SynPS/2 Synaptics TouchPad: device removed
[    27.740] (**) Option "Tapping" "on"
[    27.740] (II) libinput: SynPS/2 Synaptics TouchPad: Step value 0 was provided, libinput Fallback acceleration function is used.
[    27.740] (II) libinput: SynPS/2 Synaptics TouchPad: Step value 0 was provided, libinput Fallback acceleration function is used.
[    27.740] (II) libinput: SynPS/2 Synaptics TouchPad: Step value 0 was provided, libinput Fallback acceleration function is used.
[    27.740] (**) Option "config_info" "udev:/sys/devices/platform/i8042/serio1/input/input6/event14"
[    27.740] (II) XINPUT: Adding extended input device "SynPS/2 Synaptics TouchPad" (type: TOUCHPAD, id 13)
[    27.743] (**) Option "AccelerationScheme" "none"
[    27.743] (**) SynPS/2 Synaptics TouchPad: (accel) selected scheme none/0
[    27.743] (**) SynPS/2 Synaptics TouchPad: (accel) acceleration factor: 2.000
[    27.743] (**) SynPS/2 Synaptics TouchPad: (accel) acceleration threshold: 4
[    27.744] (II) event14 - SynPS/2 Synaptics TouchPad: is tagged by udev as: Touchpad
[    27.745] (II) event14 - SynPS/2 Synaptics TouchPad: no resolution or size hints, assuming a size of 69x50mm
[    27.748] (II) event14 - SynPS/2 Synaptics TouchPad: device is a touchpad
[    27.749] (II) config/udev: Adding input device SynPS/2 Synaptics TouchPad (/dev/input/mouse1)
[    27.749] (II) No input driver specified, ignoring this device.
[    27.749] (II) This device may have been added with another device file.
[    27.749] (II) config/udev: Adding input device TPPS/2 ALPS TrackPoint (/dev/input/event15)
[    27.749] (**) TPPS/2 ALPS TrackPoint: Applying InputClass "libinput pointer catchall"
[    27.749] (II) Using input driver 'libinput' for 'TPPS/2 ALPS TrackPoint'
[    27.750] (II) systemd-logind: got fd for /dev/input/event15 13:79 fd 37 paused 0
[    27.750] (**) TPPS/2 ALPS TrackPoint: always reports core events
[    27.750] (**) Option "Device" "/dev/input/event15"
[    27.752] (II) event15 - TPPS/2 ALPS TrackPoint: is tagged by udev as: Mouse Pointingstick
[    27.752] (II) event15 - TPPS/2 ALPS TrackPoint: device is a pointer
[    27.754] (II) event15 - TPPS/2 ALPS TrackPoint: device removed
[    27.754] (II) libinput: TPPS/2 ALPS TrackPoint: Step value 0 was provided, libinput Fallback acceleration function is used.
[    27.754] (II) libinput: TPPS/2 ALPS TrackPoint: Step value 0 was provided, libinput Fallback acceleration function is used.
[    27.754] (II) libinput: TPPS/2 ALPS TrackPoint: Step value 0 was provided, libinput Fallback acceleration function is used.
[    27.754] (**) Option "config_info" "udev:/sys/devices/platform/i8042/serio1/serio2/input/input17/event15"
[    27.754] (II) XINPUT: Adding extended input device "TPPS/2 ALPS TrackPoint" (type: MOUSE, id 14)
[    27.754] (**) Option "AccelerationScheme" "none"
[    27.754] (**) TPPS/2 ALPS TrackPoint: (accel) selected scheme none/0
[    27.754] (**) TPPS/2 ALPS TrackPoint: (accel) acceleration factor: 2.000
[    27.754] (**) TPPS/2 ALPS TrackPoint: (accel) acceleration threshold: 4
[    27.756] (II) event15 - TPPS/2 ALPS TrackPoint: is tagged by udev as: Mouse Pointingstick
[    27.756] (II) event15 - TPPS/2 ALPS TrackPoint: device is a pointer
[    27.759] (II) config/udev: Adding input device TPPS/2 ALPS TrackPoint (/dev/input/mouse2)
[    27.759] (II) No input driver specified, ignoring this device.
[    27.759] (II) This device may have been added with another device file.
[    27.762] (II) config/udev: Adding input device ThinkPad Extra Buttons (/dev/input/event7)
[    27.762] (**) ThinkPad Extra Buttons: Applying InputClass "libinput keyboard catchall"
[    27.762] (**) ThinkPad Extra Buttons: Applying InputClass "system-keyboard"
[    27.762] (II) Using input driver 'libinput' for 'ThinkPad Extra Buttons'
[    27.763] (II) systemd-logind: got fd for /dev/input/event7 13:71 fd 38 paused 0
[    27.763] (**) ThinkPad Extra Buttons: always reports core events
[    27.763] (**) Option "Device" "/dev/input/event7"
[    27.764] (II) event7  - ThinkPad Extra Buttons: is tagged by udev as: Keyboard Switch
[    27.764] (II) event7  - ThinkPad Extra Buttons: device is a keyboard
[    27.765] (II) event7  - ThinkPad Extra Buttons: device removed
[    27.765] (**) Option "config_info" "udev:/sys/devices/platform/thinkpad_acpi/input/input10/event7"
[    27.765] (II) XINPUT: Adding extended input device "ThinkPad Extra Buttons" (type: KEYBOARD, id 15)
[    27.765] (**) Option "xkb_model" ",polytonic"
[    27.765] (**) Option "xkb_layout" "latam,gr"
[    27.765] (**) Option "xkb_variant" "grp:alt_shift_toggle"
[    27.766] (II) event7  - ThinkPad Extra Buttons: is tagged by udev as: Keyboard Switch
[    27.767] (II) event7  - ThinkPad Extra Buttons: device is a keyboard
[    27.777] (**)   USB Gaming Mouse Keyboard: Applying InputClass "libinput keyboard catchall"
[    27.777] (**)   USB Gaming Mouse Keyboard: Applying InputClass "system-keyboard"
[    27.777] (II) Using input driver 'libinput' for '  USB Gaming Mouse Keyboard'
[    27.777] (II) systemd-logind: returning pre-existing fd for /dev/input/event6 13:70
[    27.777] (**)   USB Gaming Mouse Keyboard: always reports core events
[    27.777] (**) Option "Device" "/dev/input/event6"
[    27.777] (II) libinput:   USB Gaming Mouse Keyboard: is a virtual subdevice
[    27.777] (**) Option "config_info" "udev:/sys/devices/pci0000:00/0000:00:14.0/usb3/3-7/3-7:1.1/0003:1BCF:08B8.0002/input/input8/event6"
[    27.777] (II) XINPUT: Adding extended input device "  USB Gaming Mouse Keyboard" (type: KEYBOARD, id 16)
[    27.777] (**) Option "xkb_model" ",polytonic"
[    27.777] (**) Option "xkb_layout" "latam,gr"
[    27.777] (**) Option "xkb_variant" "grp:alt_shift_toggle"
[    27.957] (II) modeset(0): EDID vendor "CMN", prod id 5130
[    27.957] (II) modeset(0): Printing DDC gathered Modelines:
[    27.957] (II) modeset(0): Modeline "1920x1080"x0.0  138.78  1920 1968 2000 2080  1080 1090 1096 1112 -hsync -vsync (66.7 kHz eP)
[   402.440] (II) event15 - TPPS/2 ALPS TrackPoint: Enabling spurious button debouncing, see https://wayland.freedesktop.org/libinput/doc/1.25.0/button-debouncing.html for details
[   496.866] (II) config/udev: Adding input device USB PnP Audio Device (/dev/input/event16)
[   496.866] (**) USB PnP Audio Device: Applying InputClass "libinput keyboard catchall"
[   496.866] (**) USB PnP Audio Device: Applying InputClass "system-keyboard"
[   496.866] (II) Using input driver 'libinput' for 'USB PnP Audio Device'
[   496.866] (II) systemd-logind: got fd for /dev/input/event16 13:80 fd 69 paused 0
[   496.866] (**) USB PnP Audio Device: always reports core events
[   496.866] (**) Option "Device" "/dev/input/event16"
[   496.867] (II) event16 - USB PnP Audio Device: is tagged by udev as: Keyboard
[   496.867] (II) event16 - USB PnP Audio Device: device is a keyboard
[   496.867] (II) event16 - USB PnP Audio Device: device removed
[   496.867] (**) Option "config_info" "udev:/sys/devices/pci0000:00/0000:00:14.0/usb3/3-1/3-1:1.2/0003:0C76:161E.0003/input/input18/event16"
[   496.867] (II) XINPUT: Adding extended input device "USB PnP Audio Device" (type: KEYBOARD, id 17)
[   496.867] (**) Option "xkb_model" ",polytonic"
[   496.867] (**) Option "xkb_layout" "latam,gr"
[   496.867] (**) Option "xkb_variant" "grp:alt_shift_toggle"
[   496.867] (II) event16 - USB PnP Audio Device: is tagged by udev as: Keyboard
[   496.867] (II) event16 - USB PnP Audio Device: device is a keyboard
